2025-09-21 16:24:48,822 [Worker-6: Loading available Gradle versions] INFO  o.e.b.c.i.u.g.PublishedGradleVersions - Gradle version information cache is out-of-date. Trying to update.
2025-09-21 16:26:07,244 [Worker-14: Import Getting Started Content] INFO  o.e.m.c.i.l.LifecycleMappingFactory - Using org.eclipse.m2e.jdt.JarLifecycleMapping lifecycle mapping for MavenProject: com.klef:GALLERYAPI-SPRINGBOOT:0.0.1-SNAPSHOT @ C:\SDP-CICD-DEVOPS\GALLERY-FULLSTACK\GALLERYAPI-SPRINGBOOT\pom.xml.
2025-09-21 16:26:08,432 [Worker-14: Import Getting Started Content] INFO  o.e.m.j.i.AbstractJavaProjectConfigurator - Adding source folder /GALLERYAPI-SPRINGBOOT/src/main/java
2025-09-21 16:26:08,433 [Worker-14: Import Getting Started Content] INFO  o.e.m.j.i.AbstractJavaProjectConfigurator - Adding resource folder /GALLERYAPI-SPRINGBOOT/src/main/resources
2025-09-21 16:26:08,438 [Worker-14: Import Getting Started Content] INFO  o.e.m.j.i.AbstractJavaProjectConfigurator - Adding resource folder /GALLERYAPI-SPRINGBOOT/src/main/resources
2025-09-21 16:26:08,442 [Worker-14: Import Getting Started Content] INFO  o.e.m.j.i.AbstractJavaProjectConfigurator - Adding source folder /GALLERYAPI-SPRINGBOOT/src/test/java
2025-09-21 16:26:08,443 [Worker-14: Import Getting Started Content] INFO  o.e.m.j.i.AbstractJavaProjectConfigurator - Adding resource folder /GALLERYAPI-SPRINGBOOT/src/test/resources
2025-09-21 16:26:09,071 [Worker-14: Import Getting Started Content] INFO  o.e.m.c.i.p.ProjectConfigurationManager - Imported and configured 1 project(s) in 4 sec
2025-09-21 16:26:09,074 [Worker-14: Import Getting Started Content] INFO  o.e.m.c.i.p.ProjectConfigurationManager - Update started
2025-09-21 16:26:09,458 [Worker-14: Import Getting Started Content] INFO  o.e.m.c.i.l.LifecycleMappingFactory - Using org.eclipse.m2e.jdt.JarLifecycleMapping lifecycle mapping for MavenProject: com.klef:GALLERYAPI-SPRINGBOOT:0.0.1-SNAPSHOT @ C:\SDP-CICD-DEVOPS\GALLERY-FULLSTACK\GALLERYAPI-SPRINGBOOT\pom.xml.
2025-09-21 16:26:09,920 [Worker-14: Import Getting Started Content] INFO  o.e.m.j.i.AbstractJavaProjectConfigurator - Adding source folder /GALLERYAPI-SPRINGBOOT/src/main/java
2025-09-21 16:26:09,920 [Worker-14: Import Getting Started Content] INFO  o.e.m.j.i.AbstractJavaProjectConfigurator - Adding resource folder /GALLERYAPI-SPRINGBOOT/src/main/resources
2025-09-21 16:26:09,921 [Worker-14: Import Getting Started Content] INFO  o.e.m.j.i.AbstractJavaProjectConfigurator - Adding resource folder /GALLERYAPI-SPRINGBOOT/src/main/resources
2025-09-21 16:26:09,921 [Worker-14: Import Getting Started Content] INFO  o.e.m.j.i.AbstractJavaProjectConfigurator - Adding source folder /GALLERYAPI-SPRINGBOOT/src/test/java
2025-09-21 16:26:09,922 [Worker-14: Import Getting Started Content] INFO  o.e.m.j.i.AbstractJavaProjectConfigurator - Adding resource folder /GALLERYAPI-SPRINGBOOT/src/test/resources
2025-09-21 16:26:10,491 [Worker-14: Import Getting Started Content] INFO  o.e.m.c.i.p.ProjectConfigurationManager - Update completed for 1 poms: local refresh takes 0.00 sec, refresh facades takes 0.00 sec, update config takes 0.00 sec 
2025-09-21 16:26:12,003 [Worker-27: Building] INFO  o.a.m.s.f.DefaultMavenResourcesFiltering - Copying 1 resource from src\main\resources to target\classes
2025-09-21 16:26:12,035 [Worker-27: Building] INFO  o.a.m.s.f.DefaultMavenResourcesFiltering - Copying 0 resource from src\main\resources to target\classes
2025-09-21 16:26:12,040 [Worker-27: Building] INFO  o.a.m.s.f.DefaultMavenResourcesFiltering - skip non existing resourceDirectory C:\SDP-CICD-DEVOPS\GALLERY-FULLSTACK\GALLERYAPI-SPRINGBOOT\src\test\resources
2025-09-21 16:26:56,387 [Worker-2: Building] INFO  o.e.m.c.i.l.LifecycleMappingFactory - Using org.eclipse.m2e.jdt.JarLifecycleMapping lifecycle mapping for MavenProject: com.klef:GALLERYAPI-SPRINGBOOT:0.0.1-SNAPSHOT @ C:\SDP-CICD-DEVOPS\GALLERY-FULLSTACK\GALLERYAPI-SPRINGBOOT\pom.xml.
2025-09-21 16:26:57,230 [Worker-2: Building] INFO  o.a.m.s.f.DefaultMavenResourcesFiltering - Copying 0 resource from src\main\resources to target\classes
2025-09-21 16:26:57,232 [Worker-2: Building] INFO  o.a.m.s.f.DefaultMavenResourcesFiltering - Copying 0 resource from src\main\resources to target\classes
2025-09-21 16:26:57,237 [Worker-2: Building] INFO  o.a.m.s.f.DefaultMavenResourcesFiltering - skip non existing resourceDirectory C:\SDP-CICD-DEVOPS\GALLERY-FULLSTACK\GALLERYAPI-SPRINGBOOT\src\test\resources
2025-09-21 16:26:57,740 [Worker-27: Building] INFO  o.a.m.s.f.DefaultMavenResourcesFiltering - Copying 1 resource from src\main\resources to target\classes
2025-09-21 16:26:57,778 [Worker-27: Building] INFO  o.a.m.s.f.DefaultMavenResourcesFiltering - Copying 0 resource from src\main\resources to target\classes
2025-09-21 16:26:57,782 [Worker-27: Building] INFO  o.a.m.s.f.DefaultMavenResourcesFiltering - skip non existing resourceDirectory C:\SDP-CICD-DEVOPS\GALLERY-FULLSTACK\GALLERYAPI-SPRINGBOOT\src\test\resources
2025-09-21 16:27:03,198 [Worker-21: Updating Maven Project] INFO  o.e.m.c.i.p.ProjectConfigurationManager - Update started
2025-09-21 16:27:03,473 [Worker-21: Updating Maven Project] INFO  o.e.m.c.i.l.LifecycleMappingFactory - Using org.eclipse.m2e.jdt.JarLifecycleMapping lifecycle mapping for MavenProject: com.klef:GALLERYAPI-SPRINGBOOT:0.0.1-SNAPSHOT @ C:\SDP-CICD-DEVOPS\GALLERY-FULLSTACK\GALLERYAPI-SPRINGBOOT\pom.xml.
2025-09-21 16:27:04,074 [Worker-21: Updating Maven Project] INFO  o.e.m.j.i.AbstractJavaProjectConfigurator - Adding source folder /GALLERYAPI-SPRINGBOOT/src/main/java
2025-09-21 16:27:04,074 [Worker-21: Updating Maven Project] INFO  o.e.m.j.i.AbstractJavaProjectConfigurator - Adding resource folder /GALLERYAPI-SPRINGBOOT/src/main/resources
2025-09-21 16:27:04,075 [Worker-21: Updating Maven Project] INFO  o.e.m.j.i.AbstractJavaProjectConfigurator - Adding resource folder /GALLERYAPI-SPRINGBOOT/src/main/resources
2025-09-21 16:27:04,075 [Worker-21: Updating Maven Project] INFO  o.e.m.j.i.AbstractJavaProjectConfigurator - Adding source folder /GALLERYAPI-SPRINGBOOT/src/test/java
2025-09-21 16:27:04,076 [Worker-21: Updating Maven Project] INFO  o.e.m.j.i.AbstractJavaProjectConfigurator - Adding resource folder /GALLERYAPI-SPRINGBOOT/src/test/resources
2025-09-21 16:27:04,390 [Worker-21: Updating Maven Project] INFO  o.e.m.c.i.p.ProjectConfigurationManager - Update completed for 1 poms: local refresh takes 0.00 sec, refresh facades takes 0.00 sec, update config takes 0.00 sec 
2025-09-21 16:27:04,933 [Worker-6: Building] INFO  o.a.m.s.f.DefaultMavenResourcesFiltering - Copying 1 resource from src\main\resources to target\classes
2025-09-21 16:27:04,957 [Worker-6: Building] INFO  o.a.m.s.f.DefaultMavenResourcesFiltering - Copying 0 resource from src\main\resources to target\classes
2025-09-21 16:27:04,961 [Worker-6: Building] INFO  o.a.m.s.f.DefaultMavenResourcesFiltering - skip non existing resourceDirectory C:\SDP-CICD-DEVOPS\GALLERY-FULLSTACK\GALLERYAPI-SPRINGBOOT\src\test\resources
2025-09-21 16:28:40,346 [Worker-5: Building] INFO  o.a.m.s.f.DefaultMavenResourcesFiltering - Copying 1 resource from src\main\resources to target\classes
2025-09-21 16:28:40,359 [Worker-5: Building] INFO  o.a.m.s.f.DefaultMavenResourcesFiltering - Copying 0 resource from src\main\resources to target\classes
2025-09-21 16:28:40,363 [Worker-5: Building] INFO  o.a.m.s.f.DefaultMavenResourcesFiltering - skip non existing resourceDirectory C:\SDP-CICD-DEVOPS\GALLERY-FULLSTACK\GALLERYAPI-SPRINGBOOT\src\test\resources
2025-09-21 16:29:01,408 [Worker-18: Building] INFO  o.a.m.s.f.DefaultMavenResourcesFiltering - Copying 1 resource from src\main\resources to target\classes
2025-09-21 16:29:01,414 [Worker-18: Building] INFO  o.a.m.s.f.DefaultMavenResourcesFiltering - Copying 0 resource from src\main\resources to target\classes
2025-09-21 16:29:01,420 [Worker-18: Building] INFO  o.a.m.s.f.DefaultMavenResourcesFiltering - skip non existing resourceDirectory C:\SDP-CICD-DEVOPS\GALLERY-FULLSTACK\GALLERYAPI-SPRINGBOOT\src\test\resources
2025-09-21 16:29:10,375 [Worker-4: Building] INFO  o.a.m.s.f.DefaultMavenResourcesFiltering - Copying 1 resource from src\main\resources to target\classes
2025-09-21 16:29:10,378 [Worker-4: Building] INFO  o.a.m.s.f.DefaultMavenResourcesFiltering - Copying 0 resource from src\main\resources to target\classes
2025-09-21 16:29:10,381 [Worker-4: Building] INFO  o.a.m.s.f.DefaultMavenResourcesFiltering - skip non existing resourceDirectory C:\SDP-CICD-DEVOPS\GALLERY-FULLSTACK\GALLERYAPI-SPRINGBOOT\src\test\resources
2025-09-21 16:29:38,769 [Worker-20: Building] INFO  o.a.m.s.f.DefaultMavenResourcesFiltering - Copying 1 resource from src\main\resources to target\classes
2025-09-21 16:29:38,778 [Worker-20: Building] INFO  o.a.m.s.f.DefaultMavenResourcesFiltering - Copying 0 resource from src\main\resources to target\classes
2025-09-21 16:29:38,783 [Worker-20: Building] INFO  o.a.m.s.f.DefaultMavenResourcesFiltering - skip non existing resourceDirectory C:\SDP-CICD-DEVOPS\GALLERY-FULLSTACK\GALLERYAPI-SPRINGBOOT\src\test\resources
2025-09-21 16:29:47,790 [Worker-9: Building] INFO  o.a.m.s.f.DefaultMavenResourcesFiltering - Copying 1 resource from src\main\resources to target\classes
2025-09-21 16:29:47,796 [Worker-9: Building] INFO  o.a.m.s.f.DefaultMavenResourcesFiltering - Copying 0 resource from src\main\resources to target\classes
2025-09-21 16:29:47,802 [Worker-9: Building] INFO  o.a.m.s.f.DefaultMavenResourcesFiltering - skip non existing resourceDirectory C:\SDP-CICD-DEVOPS\GALLERY-FULLSTACK\GALLERYAPI-SPRINGBOOT\src\test\resources
2025-09-21 16:30:15,273 [Worker-4: Building] INFO  o.a.m.s.f.DefaultMavenResourcesFiltering - Copying 1 resource from src\main\resources to target\classes
2025-09-21 16:30:15,278 [Worker-4: Building] INFO  o.a.m.s.f.DefaultMavenResourcesFiltering - Copying 0 resource from src\main\resources to target\classes
2025-09-21 16:30:15,282 [Worker-4: Building] INFO  o.a.m.s.f.DefaultMavenResourcesFiltering - skip non existing resourceDirectory C:\SDP-CICD-DEVOPS\GALLERY-FULLSTACK\GALLERYAPI-SPRINGBOOT\src\test\resources
2025-09-21 16:30:23,257 [Worker-4: Building] INFO  o.a.m.s.f.DefaultMavenResourcesFiltering - Copying 1 resource from src\main\resources to target\classes
2025-09-21 16:30:23,261 [Worker-4: Building] INFO  o.a.m.s.f.DefaultMavenResourcesFiltering - Copying 0 resource from src\main\resources to target\classes
2025-09-21 16:30:23,267 [Worker-4: Building] INFO  o.a.m.s.f.DefaultMavenResourcesFiltering - skip non existing resourceDirectory C:\SDP-CICD-DEVOPS\GALLERY-FULLSTACK\GALLERYAPI-SPRINGBOOT\src\test\resources
2025-09-21 16:30:37,272 [Worker-28: Building] INFO  o.a.m.s.f.DefaultMavenResourcesFiltering - Copying 1 resource from src\main\resources to target\classes
2025-09-21 16:30:37,277 [Worker-28: Building] INFO  o.a.m.s.f.DefaultMavenResourcesFiltering - Copying 0 resource from src\main\resources to target\classes
2025-09-21 16:30:37,280 [Worker-28: Building] INFO  o.a.m.s.f.DefaultMavenResourcesFiltering - skip non existing resourceDirectory C:\SDP-CICD-DEVOPS\GALLERY-FULLSTACK\GALLERYAPI-SPRINGBOOT\src\test\resources
2025-09-21 16:30:46,431 [Worker-16: Building] INFO  o.a.m.s.f.DefaultMavenResourcesFiltering - Copying 1 resource from src\main\resources to target\classes
2025-09-21 16:30:46,436 [Worker-16: Building] INFO  o.a.m.s.f.DefaultMavenResourcesFiltering - Copying 0 resource from src\main\resources to target\classes
2025-09-21 16:30:46,440 [Worker-16: Building] INFO  o.a.m.s.f.DefaultMavenResourcesFiltering - skip non existing resourceDirectory C:\SDP-CICD-DEVOPS\GALLERY-FULLSTACK\GALLERYAPI-SPRINGBOOT\src\test\resources
2025-09-21 16:31:14,264 [Worker-0: Building] INFO  o.a.m.s.f.DefaultMavenResourcesFiltering - Copying 1 resource from src\main\resources to target\classes
2025-09-21 16:31:14,269 [Worker-0: Building] INFO  o.a.m.s.f.DefaultMavenResourcesFiltering - Copying 0 resource from src\main\resources to target\classes
2025-09-21 16:31:14,274 [Worker-0: Building] INFO  o.a.m.s.f.DefaultMavenResourcesFiltering - skip non existing resourceDirectory C:\SDP-CICD-DEVOPS\GALLERY-FULLSTACK\GALLERYAPI-SPRINGBOOT\src\test\resources
2025-09-21 16:31:22,544 [Worker-21: Building] INFO  o.a.m.s.f.DefaultMavenResourcesFiltering - Copying 1 resource from src\main\resources to target\classes
2025-09-21 16:31:22,548 [Worker-21: Building] INFO  o.a.m.s.f.DefaultMavenResourcesFiltering - Copying 0 resource from src\main\resources to target\classes
2025-09-21 16:31:22,551 [Worker-21: Building] INFO  o.a.m.s.f.DefaultMavenResourcesFiltering - skip non existing resourceDirectory C:\SDP-CICD-DEVOPS\GALLERY-FULLSTACK\GALLERYAPI-SPRINGBOOT\src\test\resources
2025-09-21 16:31:45,840 [Worker-15: Building] INFO  o.a.m.s.f.DefaultMavenResourcesFiltering - Copying 1 resource from src\main\resources to target\classes
2025-09-21 16:31:45,845 [Worker-15: Building] INFO  o.a.m.s.f.DefaultMavenResourcesFiltering - Copying 0 resource from src\main\resources to target\classes
2025-09-21 16:31:45,849 [Worker-15: Building] INFO  o.a.m.s.f.DefaultMavenResourcesFiltering - skip non existing resourceDirectory C:\SDP-CICD-DEVOPS\GALLERY-FULLSTACK\GALLERYAPI-SPRINGBOOT\src\test\resources
2025-09-21 16:31:54,340 [Worker-28: Building] INFO  o.a.m.s.f.DefaultMavenResourcesFiltering - Copying 1 resource from src\main\resources to target\classes
2025-09-21 16:31:54,347 [Worker-28: Building] INFO  o.a.m.s.f.DefaultMavenResourcesFiltering - Copying 0 resource from src\main\resources to target\classes
2025-09-21 16:31:54,352 [Worker-28: Building] INFO  o.a.m.s.f.DefaultMavenResourcesFiltering - skip non existing resourceDirectory C:\SDP-CICD-DEVOPS\GALLERY-FULLSTACK\GALLERYAPI-SPRINGBOOT\src\test\resources
2025-09-21 16:32:14,071 [Worker-28: Building] INFO  o.a.m.s.f.DefaultMavenResourcesFiltering - Copying 1 resource from src\main\resources to target\classes
2025-09-21 16:32:14,079 [Worker-28: Building] INFO  o.a.m.s.f.DefaultMavenResourcesFiltering - Copying 0 resource from src\main\resources to target\classes
2025-09-21 16:32:14,082 [Worker-28: Building] INFO  o.a.m.s.f.DefaultMavenResourcesFiltering - skip non existing resourceDirectory C:\SDP-CICD-DEVOPS\GALLERY-FULLSTACK\GALLERYAPI-SPRINGBOOT\src\test\resources
2025-09-21 16:32:23,948 [Worker-20: Building] INFO  o.a.m.s.f.DefaultMavenResourcesFiltering - Copying 1 resource from src\main\resources to target\classes
2025-09-21 16:32:23,956 [Worker-20: Building] INFO  o.a.m.s.f.DefaultMavenResourcesFiltering - Copying 0 resource from src\main\resources to target\classes
2025-09-21 16:32:23,994 [Worker-20: Building] INFO  o.a.m.s.f.DefaultMavenResourcesFiltering - skip non existing resourceDirectory C:\SDP-CICD-DEVOPS\GALLERY-FULLSTACK\GALLERYAPI-SPRINGBOOT\src\test\resources
2025-09-21 20:02:32,630 [Worker-7: Loading available Gradle versions] INFO  o.e.b.c.i.u.g.PublishedGradleVersions - Gradle version information cache is up-to-date. Trying to read.
2025-09-21 20:07:39,063 [Worker-34: Building] INFO  o.a.m.s.f.DefaultMavenResourcesFiltering - Copying 1 resource from src\main\resources to target\classes
2025-09-21 20:07:39,086 [Worker-34: Building] INFO  o.a.m.s.f.DefaultMavenResourcesFiltering - Copying 0 resource from src\main\resources to target\classes
2025-09-21 20:07:39,090 [Worker-34: Building] INFO  o.a.m.s.f.DefaultMavenResourcesFiltering - skip non existing resourceDirectory C:\SDP-CICD-DEVOPS\GALLERY-FULLSTACK\GALLERYAPI-SPRINGBOOT\src\test\resources
2025-09-21 20:26:08,087 [Worker-37: Building] INFO  o.a.m.s.f.DefaultMavenResourcesFiltering - Copying 1 resource from src\main\resources to target\classes
2025-09-21 20:26:08,093 [Worker-37: Building] INFO  o.a.m.s.f.DefaultMavenResourcesFiltering - Copying 0 resource from src\main\resources to target\classes
2025-09-21 20:26:08,097 [Worker-37: Building] INFO  o.a.m.s.f.DefaultMavenResourcesFiltering - skip non existing resourceDirectory C:\SDP-CICD-DEVOPS\GALLERY-FULLSTACK\GALLERYAPI-SPRINGBOOT\src\test\resources
2025-09-21 20:26:20,738 [Worker-42: Building] INFO  o.a.m.s.f.DefaultMavenResourcesFiltering - Copying 1 resource from src\main\resources to target\classes
2025-09-21 20:26:20,742 [Worker-42: Building] INFO  o.a.m.s.f.DefaultMavenResourcesFiltering - Copying 0 resource from src\main\resources to target\classes
2025-09-21 20:26:20,745 [Worker-42: Building] INFO  o.a.m.s.f.DefaultMavenResourcesFiltering - skip non existing resourceDirectory C:\SDP-CICD-DEVOPS\GALLERY-FULLSTACK\GALLERYAPI-SPRINGBOOT\src\test\resources
2025-09-21 20:26:36,781 [Worker-37: Building] INFO  o.a.m.s.f.DefaultMavenResourcesFiltering - Copying 1 resource from src\main\resources to target\classes
2025-09-21 20:26:36,788 [Worker-37: Building] INFO  o.a.m.s.f.DefaultMavenResourcesFiltering - Copying 0 resource from src\main\resources to target\classes
2025-09-21 20:26:36,790 [Worker-37: Building] INFO  o.a.m.s.f.DefaultMavenResourcesFiltering - skip non existing resourceDirectory C:\SDP-CICD-DEVOPS\GALLERY-FULLSTACK\GALLERYAPI-SPRINGBOOT\src\test\resources
2025-09-21 20:26:56,921 [Worker-39: Building] INFO  o.a.m.s.f.DefaultMavenResourcesFiltering - Copying 1 resource from src\main\resources to target\classes
2025-09-21 20:26:56,925 [Worker-39: Building] INFO  o.a.m.s.f.DefaultMavenResourcesFiltering - Copying 0 resource from src\main\resources to target\classes
2025-09-21 20:26:56,928 [Worker-39: Building] INFO  o.a.m.s.f.DefaultMavenResourcesFiltering - skip non existing resourceDirectory C:\SDP-CICD-DEVOPS\GALLERY-FULLSTACK\GALLERYAPI-SPRINGBOOT\src\test\resources
2025-09-21 20:27:12,571 [Worker-41: Building] INFO  o.a.m.s.f.DefaultMavenResourcesFiltering - Copying 1 resource from src\main\resources to target\classes
2025-09-21 20:27:12,577 [Worker-41: Building] INFO  o.a.m.s.f.DefaultMavenResourcesFiltering - Copying 0 resource from src\main\resources to target\classes
2025-09-21 20:27:12,582 [Worker-41: Building] INFO  o.a.m.s.f.DefaultMavenResourcesFiltering - skip non existing resourceDirectory C:\SDP-CICD-DEVOPS\GALLERY-FULLSTACK\GALLERYAPI-SPRINGBOOT\src\test\resources
2025-09-21 20:27:26,665 [Worker-42: Building] INFO  o.a.m.s.f.DefaultMavenResourcesFiltering - Copying 1 resource from src\main\resources to target\classes
2025-09-21 20:27:26,669 [Worker-42: Building] INFO  o.a.m.s.f.DefaultMavenResourcesFiltering - Copying 0 resource from src\main\resources to target\classes
2025-09-21 20:27:26,672 [Worker-42: Building] INFO  o.a.m.s.f.DefaultMavenResourcesFiltering - skip non existing resourceDirectory C:\SDP-CICD-DEVOPS\GALLERY-FULLSTACK\GALLERYAPI-SPRINGBOOT\src\test\resources
2025-09-21 20:28:46,028 [Worker-45: Building] INFO  o.a.m.s.f.DefaultMavenResourcesFiltering - Copying 1 resource from src\main\resources to target\classes
2025-09-21 20:28:46,035 [Worker-45: Building] INFO  o.a.m.s.f.DefaultMavenResourcesFiltering - Copying 0 resource from src\main\resources to target\classes
2025-09-21 20:28:46,037 [Worker-45: Building] INFO  o.a.m.s.f.DefaultMavenResourcesFiltering - skip non existing resourceDirectory C:\SDP-CICD-DEVOPS\GALLERY-FULLSTACK\GALLERYAPI-SPRINGBOOT\src\test\resources
2025-09-21 20:29:39,101 [Worker-43: Building] INFO  o.a.m.s.f.DefaultMavenResourcesFiltering - Copying 1 resource from src\main\resources to target\classes
2025-09-21 20:29:39,106 [Worker-43: Building] INFO  o.a.m.s.f.DefaultMavenResourcesFiltering - Copying 0 resource from src\main\resources to target\classes
2025-09-21 20:29:39,109 [Worker-43: Building] INFO  o.a.m.s.f.DefaultMavenResourcesFiltering - skip non existing resourceDirectory C:\SDP-CICD-DEVOPS\GALLERY-FULLSTACK\GALLERYAPI-SPRINGBOOT\src\test\resources
2025-09-21 20:29:54,595 [Worker-46: Building] INFO  o.a.m.s.f.DefaultMavenResourcesFiltering - Copying 1 resource from src\main\resources to target\classes
2025-09-21 20:29:54,599 [Worker-46: Building] INFO  o.a.m.s.f.DefaultMavenResourcesFiltering - Copying 0 resource from src\main\resources to target\classes
2025-09-21 20:29:54,601 [Worker-46: Building] INFO  o.a.m.s.f.DefaultMavenResourcesFiltering - skip non existing resourceDirectory C:\SDP-CICD-DEVOPS\GALLERY-FULLSTACK\GALLERYAPI-SPRINGBOOT\src\test\resources
2025-09-21 20:30:08,906 [Worker-48: Building] INFO  o.a.m.s.f.DefaultMavenResourcesFiltering - Copying 1 resource from src\main\resources to target\classes
2025-09-21 20:30:08,910 [Worker-48: Building] INFO  o.a.m.s.f.DefaultMavenResourcesFiltering - Copying 0 resource from src\main\resources to target\classes
2025-09-21 20:30:08,913 [Worker-48: Building] INFO  o.a.m.s.f.DefaultMavenResourcesFiltering - skip non existing resourceDirectory C:\SDP-CICD-DEVOPS\GALLERY-FULLSTACK\GALLERYAPI-SPRINGBOOT\src\test\resources
2025-09-21 20:39:23,739 [Worker-50: Building] INFO  o.a.m.s.f.DefaultMavenResourcesFiltering - Copying 1 resource from src\main\resources to target\classes
2025-09-21 20:39:23,746 [Worker-50: Building] INFO  o.a.m.s.f.DefaultMavenResourcesFiltering - Copying 0 resource from src\main\resources to target\classes
2025-09-21 20:39:23,748 [Worker-50: Building] INFO  o.a.m.s.f.DefaultMavenResourcesFiltering - skip non existing resourceDirectory C:\SDP-CICD-DEVOPS\GALLERY-FULLSTACK\GALLERYAPI-SPRINGBOOT\src\test\resources
2025-09-21 20:43:51,889 [Worker-55: Building] INFO  o.a.m.s.f.DefaultMavenResourcesFiltering - Copying 1 resource from src\main\resources to target\classes
2025-09-21 20:43:51,905 [Worker-55: Building] INFO  o.a.m.s.f.DefaultMavenResourcesFiltering - Copying 0 resource from src\main\resources to target\classes
2025-09-21 20:43:51,909 [Worker-55: Building] INFO  o.a.m.s.f.DefaultMavenResourcesFiltering - skip non existing resourceDirectory C:\SDP-CICD-DEVOPS\GALLERY-FULLSTACK\GALLERYAPI-SPRINGBOOT\src\test\resources
